<?xml version="1.0" encoding="UTF-8"?>
<!-- Generated by org.testng.reporters.JUnitReportReporter -->
<testsuite hostname="DESKTOP-6F1KN2E" failures="0" tests="1" name="scenario.Scenario" time="8.795" errors="0" timestamp="2022-06-20T10:42:56 EEST" skipped="0">
  <testcase classname="scenario.Scenario" name="WebDriverHometask" time="8.795"/>
  <system-out/>
</testsuite> <!-- scenario.Scenario -->
